mail() on [/home/innerci4/public_html/www.madebycircle.co.uk/ben/emailcontactform.php:42]: To: neilbaker26@hotmail.com -- Headers: Hi Neil, its me.
mail() on [/home/innerci4/public_html/www.madebycircle.co.uk/ben/emailcontactform.php:42]: To: neilbaker26@hotmail.com -- Headers: Testing again.
mail() on [/home/innerci4/public_html/www.madebycircle.co.uk/ben/emailcontactform.php:42]: To: neilbaker26@hotmail.com -- Headers: Testing again.
mail() on [/home/innerci4/public_html/www.madebycircle.co.uk/ben/emailcontactform.php:43]: To: Hi@madebycircle.co.uk -- Headers: Testing again.
mail() on [/home/innerci4/public_html/www.madebycircle.co.uk/ben/emailcontactform.php:42]: To: neilbaker26@hotmail.com -- Headers: Hello Neil, its me, Kelly.
mail() on [/home/innerci4/public_html/www.madebycircle.co.uk/ben/emailcontactform.php:43]: To: Hi@madebycircle.co.uk -- Headers: Hello Neil, its me, Kelly.
mail() on [/home/innerci4/public_html/www.madebycircle.co.uk/ben/emailcontactform.php:42]: To: neilbaker26@hotmail.com -- Headers: Testing
mail() on [/home/innerci4/public_html/www.madebycircle.co.uk/ben/emailcontactform.php:43]: To: Hi@madebycircle.co.uk -- Headers: Testing
mail() on [/home/innerci4/public_html/www.madebycircle.co.uk/ben/emailcontactform.php:42]: To: neilbaker26@hotmail.com -- Headers: Hello Neil
mail() on [/home/innerci4/public_html/www.madebycircle.co.uk/ben/emailcontactform.php:43]: To: Hi@madebycircle.co.uk -- Headers: Hello Neil
mail() on [/home/innerci4/public_html/www.madebycircle.co.uk/ben/emailcontactform.php:42]: To: neilbaker26@hotmail.com -- Headers: hello
mail() on [/home/innerci4/public_html/www.madebycircle.co.uk/ben/emailcontactform.php:43]: To: Hi@madebycircle.co.uk -- Headers: hello
mail() on [/home/innerci4/public_html/www.madebycircle.co.uk/ben/emailcontactform.php:42]: To: neilbaker26@hotmail.com -- Headers: Hi
mail() on [/home/innerci4/public_html/www.madebycircle.co.uk/ben/emailcontactform.php:43]: To: Hi@madebycircle.co.uk -- Headers: Hi
mail() on [/home/innerci4/public_html/www.madebycircle.co.uk/ben/emailcontactform.php:43]: To: neilbaker26@hotmail.com -- Headers: Hi Neil, I've done the updates
mail() on [/home/innerci4/public_html/www.madebycircle.co.uk/ben/emailcontactform.php:44]: To: Hi@madebycircle.co.uk -- Headers: Hi Neil, I've done the updates
mail() on [/home/innerci4/public_html/www.madebycircle.co.uk/ben/emailcontactform.php:44]: To: neilbaker26@hotmail.com -- Headers: Hi
mail() on [/home/innerci4/public_html/www.madebycircle.co.uk/ben/emailcontactform.php:45]: To: Hi@madebycircle.co.uk -- Headers: Hi
mail() on [/home/innerci4/public_html/www.madebycircle.co.uk/ben/emailcontactform.php:46]: To: ben@cazot.com -- Headers: Hi
mail() on [/home/innerci4/public_html/www.madebycircle.co.uk/ben/emailcontactform.php:44]: To: neilbaker26@hotmail.com -- Headers: 07960 188479
mail() on [/home/innerci4/public_html/www.madebycircle.co.uk/ben/emailcontactform.php:45]: To: Hi@madebycircle.co.uk -- Headers: 07960 188479
mail() on [/home/innerci4/public_html/www.madebycircle.co.uk/ben/emailcontactform.php:46]: To: ben@cazot.com -- Headers: 07960 188479
mail() on [/home/innerci4/public_html/www.madebycircle.co.uk/ben/emailcontactform.php:44]: To: neilbaker26@hotmail.com -- Headers: 01553 630960
mail() on [/home/innerci4/public_html/www.madebycircle.co.uk/ben/emailcontactform.php:45]: To: Hi@madebycircle.co.uk -- Headers: 01553 630960
mail() on [/home/innerci4/public_html/www.madebycircle.co.uk/ben/emailcontactform.php:46]: To: ben@cazot.com -- Headers: 01553 630960
mail() on [/home/innerci4/public_html/www.madebycircle.co.uk/ben/emailcontactform.php:44]: To: neilbaker26@hotmail.com -- Headers: 001010100
mail() on [/home/innerci4/public_html/www.madebycircle.co.uk/ben/emailcontactform.php:45]: To: Hi@madebycircle.co.uk -- Headers: 001010100
mail() on [/home/innerci4/public_html/www.madebycircle.co.uk/ben/emailcontactform.php:46]: To: ben@cazot.com -- Headers: 001010100
mail() on [/home/innerci4/public_html/www.madebycircle.co.uk/ben/emailcontactform.php:47]: To: neilbaker26@hotmail.com -- Headers: Testing
mail() on [/home/innerci4/public_html/www.madebycircle.co.uk/ben/emailcontactform.php:48]: To: Hi@madebycircle.co.uk -- Headers: 001010100
mail() on [/home/innerci4/public_html/www.madebycircle.co.uk/ben/emailcontactform.php:49]: To: ben@cazot.com -- Headers: 001010100
mail() on [/home/innerci4/public_html/www.madebycircle.co.uk/ben/emailcontactform.php:47]: To: neilbaker26@hotmail.com -- Headers: Testing again
mail() on [/home/innerci4/public_html/www.madebycircle.co.uk/ben/emailcontactform.php:48]: To: Hi@madebycircle.co.uk -- Headers: 001010100
mail() on [/home/innerci4/public_html/www.madebycircle.co.uk/ben/emailcontactform.php:49]: To: ben@cazot.com -- Headers: 001010100
mail() on [/home/innerci4/public_html/www.madebycircle.co.uk/ben/emailcontactform.php:47]: To: neilbaker26@hotmail.com -- Headers: Testing again
mail() on [/home/innerci4/public_html/www.madebycircle.co.uk/ben/emailcontactform.php:48]: To: Hi@madebycircle.co.uk -- Headers: 001010100
mail() on [/home/innerci4/public_html/www.madebycircle.co.uk/ben/emailcontactform.php:49]: To: ben@cazot.com -- Headers: 001010100
mail() on [/home/innerci4/public_html/www.madebycircle.co.uk/ben/emailcontactform.php:47]: To: neilbaker26@hotmail.com -- Headers: Ben - should all be working now.
mail() on [/home/innerci4/public_html/www.madebycircle.co.uk/ben/emailcontactform.php:48]: To: Hi@madebycircle.co.uk -- Headers: Ben - should all be working now.
mail() on [/home/innerci4/public_html/www.madebycircle.co.uk/ben/emailcontactform.php:49]: To: ben@cazot.com -- Headers: Ben - should all be working now.
